0 verbose cli /usr/bin/node /usr/bin/npm
1 info using npm@9.2.0
2 info using node@v18.19.1
3 timing npm:load:whichnode Completed in 0ms
4 timing config:load:defaults Completed in 2ms
5 timing config:load:file:/usr/share/nodejs/npm/npmrc Completed in 3ms
6 timing config:load:builtin Completed in 3ms
7 timing config:load:cli Completed in 1ms
8 timing config:load:env Completed in 1ms
9 timing config:load:project Completed in 1ms
10 timing config:load:file:/home/adam2/Documents/CodeProj/EMS_BFS/.npmrc Completed in 1ms
11 timing config:load:user Completed in 1ms
12 timing config:load:file:/etc/npmrc Completed in 0ms
13 timing config:load:global Completed in 0ms
14 timing config:load:setEnvs Completed in 3ms
15 timing config:load Completed in 12ms
16 timing npm:load:configload Completed in 12ms
17 timing npm:load:mkdirpcache Completed in 1ms
18 timing npm:load:mkdirplogs Completed in 1ms
19 verbose title npm install
20 verbose argv "install"
21 timing npm:load:setTitle Completed in 1ms
22 timing config:load:flatten Completed in 4ms
23 timing npm:load:display Completed in 5ms
24 verbose logfile logs-max:10 dir:/home/adam2/Documents/CodeProj/EMS_BFS/.npm/_logs/2026-05-09T04_44_02_647Z-
25 verbose logfile /home/adam2/Documents/CodeProj/EMS_BFS/.npm/_logs/2026-05-09T04_44_02_647Z-debug-0.log
26 timing npm:load:logFile Completed in 12ms
27 timing npm:load:timers Completed in 0ms
28 timing npm:load:configScope Completed in 0ms
29 timing npm:load Completed in 35ms
30 silly logfile done cleaning log files
31 timing config:load:flatten Completed in 1ms
32 timing arborist:ctor Completed in 1ms
33 timing arborist:ctor Completed in 0ms
34 timing idealTree:init Completed in 19ms
35 timing idealTree:userRequests Completed in 0ms
36 silly idealTree buildDeps
37 silly fetch manifest react@^18.2.0
